<?xml version="1.0" encoding="UTF-8"?>
<testng-results ignored="0" total="2" passed="2" failed="0" skipped="0">
  <reporter-output>
  </reporter-output>
  <suite started-at="2021-12-21T14:08:10 IST" name="Suite" finished-at="2021-12-21T14:08:10 IST" duration-ms="91">
    <groups>
    </groups>
    <test started-at="2021-12-21T14:08:10 IST" name="Test" finished-at="2021-12-21T14:08:10 IST" duration-ms="91">
      <class name="TestNGDemo.TestNGBasics">
        <test-method is-config="true" signature="SetUpSelect()[pri:0, instance:TestNGDemo.TestNGBasics@2133814f]" started-at="2021-12-21T14:08:10 IST" name="SetUpSelect" finished-at="2021-12-21T14:08:10 IST" duration-ms="34" status="PASS">
          <reporter-output>
          </reporter-output>
        </test-method> <!-- SetUpSelect -->
        <test-method is-config="true" signature="lunchBrowser()[pri:0, instance:TestNGDemo.TestNGBasics@2133814f]" started-at="2021-12-21T14:08:10 IST" name="lunchBrowser" finished-at="2021-12-21T14:08:10 IST" duration-ms="0" status="PASS">
          <reporter-output>
          </reporter-output>
        </test-method> <!-- lunchBrowser -->
        <test-method is-config="true" signature="enterURL()[pri:0, instance:TestNGDemo.TestNGBasics@2133814f]" started-at="2021-12-21T14:08:10 IST" name="enterURL" finished-at="2021-12-21T14:08:10 IST" duration-ms="0" status="PASS">
          <reporter-output>
          </reporter-output>
        </test-method> <!-- enterURL -->
        <test-method is-config="true" signature="login()[pri:0, instance:TestNGDemo.TestNGBasics@2133814f]" started-at="2021-12-21T14:08:10 IST" name="login" finished-at="2021-12-21T14:08:10 IST" duration-ms="0" status="PASS">
          <reporter-output>
          </reporter-output>
        </test-method> <!-- login -->
        <test-method signature="test1()[pri:0, instance:TestNGDemo.TestNGBasics@2133814f]" started-at="2021-12-21T14:08:10 IST" name="test1" finished-at="2021-12-21T14:08:10 IST" duration-ms="15" status="PASS">
          <reporter-output>
          </reporter-output>
        </test-method> <!-- test1 -->
        <test-method is-config="true" signature="logout()[pri:0, instance:TestNGDemo.TestNGBasics@2133814f]" started-at="2021-12-21T14:08:10 IST" name="logout" finished-at="2021-12-21T14:08:10 IST" duration-ms="1" status="PASS">
          <reporter-output>
          </reporter-output>
        </test-method> <!-- logout -->
        <test-method is-config="true" signature="login()[pri:0, instance:TestNGDemo.TestNGBasics@2133814f]" started-at="2021-12-21T14:08:10 IST" name="login" finished-at="2021-12-21T14:08:10 IST" duration-ms="0" status="PASS">
          <reporter-output>
          </reporter-output>
        </test-method> <!-- login -->
        <test-method signature="test2()[pri:0, instance:TestNGDemo.TestNGBasics@2133814f]" started-at="2021-12-21T14:08:10 IST" name="test2" finished-at="2021-12-21T14:08:10 IST" duration-ms="0" status="PASS">
          <reporter-output>
          </reporter-output>
        </test-method> <!-- test2 -->
        <test-method is-config="true" signature="logout()[pri:0, instance:TestNGDemo.TestNGBasics@2133814f]" started-at="2021-12-21T14:08:10 IST" name="logout" finished-at="2021-12-21T14:08:10 IST" duration-ms="0" status="PASS">
          <reporter-output>
          </reporter-output>
        </test-method> <!-- logout -->
        <test-method is-config="true" signature="closeBrowser()[pri:0, instance:TestNGDemo.TestNGBasics@2133814f]" started-at="2021-12-21T14:08:10 IST" name="closeBrowser" finished-at="2021-12-21T14:08:10 IST" duration-ms="1" status="PASS">
          <reporter-output>
          </reporter-output>
        </test-method> <!-- closeBrowser -->
        <test-method is-config="true" signature="deleteAllCookies()[pri:0, instance:TestNGDemo.TestNGBasics@2133814f]" started-at="2021-12-21T14:08:10 IST" name="deleteAllCookies" finished-at="2021-12-21T14:08:10 IST" duration-ms="2" status="PASS">
          <reporter-output>
          </reporter-output>
        </test-method> <!-- deleteAllCookies -->
        <test-method is-config="true" signature="generateReport()[pri:0, instance:TestNGDemo.TestNGBasics@2133814f]" started-at="2021-12-21T14:08:10 IST" name="generateReport" finished-at="2021-12-21T14:08:10 IST" duration-ms="0" status="PASS">
          <reporter-output>
          </reporter-output>
        </test-method> <!-- generateReport -->
      </class> <!-- TestNGDemo.TestNGBasics -->
    </test> <!-- Test -->
  </suite> <!-- Suite -->
</testng-results>
